2023-01-08 11:19:16.338  INFO 6020 --- [restartedMain] c.szw.commonweal.CommonWealApplication   : Starting CommonWealApplication using Java 1.8.0_321 on szw with PID 6020 (C:\Users\14486\Desktop\CommonWeal\target\classes started by 14486 in C:\Users\14486\Desktop\CommonWeal)
2023-01-08 11:19:16.338  INFO 6020 --- [restartedMain] c.szw.commonweal.CommonWealApplication   : No active profile set, falling back to 1 default profile: "default"
2023-01-08 11:19:16.495  INFO 6020 --- [restartedMain] o.s.b.w.embedded.tomcat.TomcatWebServer  : Tomcat initialized with port(s): 8083 (http)
2023-01-08 11:19:16.496  INFO 6020 --- [restartedMain] o.apache.catalina.core.StandardService   : Starting service [Tomcat]
2023-01-08 11:19:16.496  INFO 6020 --- [restartedMain] org.apache.catalina.core.StandardEngine  : Starting Servlet engine: [Apache Tomcat/9.0.68]
2023-01-08 11:19:16.505  INFO 6020 --- [restartedMain] o.a.c.c.C.[Tomcat].[localhost].[/]       : Initializing Spring embedded WebApplicationContext
2023-01-08 11:19:16.505  INFO 6020 --- [restartedMain] w.s.c.ServletWebServerApplicationContext : Root WebApplicationContext: initialization completed in 166 ms
2023-01-08 11:19:16.570  INFO 6020 --- [restartedMain] o.s.b.d.a.OptionalLiveReloadServer       : LiveReload server is running on port 35729
2023-01-08 11:19:16.576  INFO 6020 --- [restartedMain] o.s.b.w.embedded.tomcat.TomcatWebServer  : Tomcat started on port(s): 8083 (http) with context path ''
2023-01-08 11:19:16.578  INFO 6020 --- [restartedMain] c.szw.commonweal.CommonWealApplication   : Started CommonWealApplication in 0.27 seconds (JVM running for 1083.165)
2023-01-08 11:19:16.579  INFO 6020 --- [restartedMain] .ConditionEvaluationDeltaLoggingListener : Condition evaluation unchanged
2023-01-08 11:24:41.869  INFO 6020 --- [File Watcher] rtingClassPathChangeChangedEventListener : Restarting due to 2 class path changes (0 additions, 2 deletions, 0 modifications)
2023-01-08 11:24:42.089  INFO 6020 --- [Thread-38] o.apache.catalina.core.StandardService   : Stopping service [Tomcat]
2023-01-08 11:24:42.245  INFO 6020 --- [restartedMain] c.szw.commonweal.CommonWealApplication   : Starting CommonWealApplication using Java 1.8.0_321 on szw with PID 6020 (C:\Users\14486\Desktop\CommonWeal\target\classes started by 14486 in C:\Users\14486\Desktop\CommonWeal)
2023-01-08 11:24:42.245  INFO 6020 --- [restartedMain] c.szw.commonweal.CommonWealApplication   : No active profile set, falling back to 1 default profile: "default"
2023-01-08 11:24:42.442  INFO 6020 --- [restartedMain] o.s.b.w.embedded.tomcat.TomcatWebServer  : Tomcat initialized with port(s): 8083 (http)
2023-01-08 11:24:42.443  INFO 6020 --- [restartedMain] o.apache.catalina.core.StandardService   : Starting service [Tomcat]
2023-01-08 11:24:42.443  INFO 6020 --- [restartedMain] org.apache.catalina.core.StandardEngine  : Starting Servlet engine: [Apache Tomcat/9.0.68]
2023-01-08 11:24:42.450  INFO 6020 --- [restartedMain] o.a.c.c.C.[Tomcat].[localhost].[/]       : Initializing Spring embedded WebApplicationContext
2023-01-08 11:24:42.451  INFO 6020 --- [restartedMain] w.s.c.ServletWebServerApplicationContext : Root WebApplicationContext: initialization completed in 204 ms
2023-01-08 11:24:42.513  INFO 6020 --- [restartedMain] o.s.b.d.a.OptionalLiveReloadServer       : LiveReload server is running on port 35729
2023-01-08 11:24:42.518  INFO 6020 --- [restartedMain] o.s.b.w.embedded.tomcat.TomcatWebServer  : Tomcat started on port(s): 8083 (http) with context path ''
2023-01-08 11:24:42.521  INFO 6020 --- [restartedMain] c.szw.commonweal.CommonWealApplication   : Started CommonWealApplication in 0.302 seconds (JVM running for 1409.108)
2023-01-08 11:24:42.522  INFO 6020 --- [restartedMain] .ConditionEvaluationDeltaLoggingListener : Condition evaluation unchanged
2023-01-08 11:24:43.940  INFO 6020 --- [File Watcher] rtingClassPathChangeChangedEventListener : Restarting due to 2 class path changes (2 additions, 0 deletions, 0 modifications)
2023-01-08 11:24:44.082  INFO 6020 --- [Thread-42] o.apache.catalina.core.StandardService   : Stopping service [Tomcat]
2023-01-08 11:24:44.147  INFO 6020 --- [restartedMain] c.szw.commonweal.CommonWealApplication   : Starting CommonWealApplication using Java 1.8.0_321 on szw with PID 6020 (C:\Users\14486\Desktop\CommonWeal\target\classes started by 14486 in C:\Users\14486\Desktop\CommonWeal)
2023-01-08 11:24:44.147  INFO 6020 --- [restartedMain] c.szw.commonweal.CommonWealApplication   : No active profile set, falling back to 1 default profile: "default"
2023-01-08 11:24:44.253  INFO 6020 --- [restartedMain] o.s.b.w.embedded.tomcat.TomcatWebServer  : Tomcat initialized with port(s): 8083 (http)
2023-01-08 11:24:44.254  INFO 6020 --- [restartedMain] o.apache.catalina.core.StandardService   : Starting service [Tomcat]
2023-01-08 11:24:44.254  INFO 6020 --- [restartedMain] org.apache.catalina.core.StandardEngine  : Starting Servlet engine: [Apache Tomcat/9.0.68]
2023-01-08 11:24:44.265  INFO 6020 --- [restartedMain] o.a.c.c.C.[Tomcat].[localhost].[/]       : Initializing Spring embedded WebApplicationContext
2023-01-08 11:24:44.265  INFO 6020 --- [restartedMain] w.s.c.ServletWebServerApplicationContext : Root WebApplicationContext: initialization completed in 117 ms
2023-01-08 11:24:44.323  INFO 6020 --- [restartedMain] o.s.b.d.a.OptionalLiveReloadServer       : LiveReload server is running on port 35729
2023-01-08 11:24:44.328  INFO 6020 --- [restartedMain] o.s.b.w.embedded.tomcat.TomcatWebServer  : Tomcat started on port(s): 8083 (http) with context path ''
2023-01-08 11:24:44.330  INFO 6020 --- [restartedMain] c.szw.commonweal.CommonWealApplication   : Started CommonWealApplication in 0.196 seconds (JVM running for 1410.917)
2023-01-08 11:24:44.331  INFO 6020 --- [restartedMain] .ConditionEvaluationDeltaLoggingListener : Condition evaluation unchanged
2023-01-08 12:14:22.268  INFO 9688 --- [main] c.s.c.CommonWealApplicationTests         : Starting CommonWealApplicationTests using Java 1.8.0_321 on szw with PID 9688 (started by 14486 in C:\Users\14486\Desktop\CommonWeal)
2023-01-08 12:14:22.269  INFO 9688 --- [main] c.s.c.CommonWealApplicationTests         : No active profile set, falling back to 1 default profile: "default"
2023-01-08 12:14:23.477  WARN 9688 --- [main] c.b.m.core.metadata.TableInfoHelper      : Can not find table primary key in Class: "com.szw.commonweal.entity.Volunteer".
2023-01-08 12:14:24.298  INFO 9688 --- [main] c.s.c.CommonWealApplicationTests         : Started CommonWealApplicationTests in 2.287 seconds (JVM running for 2.966)
2023-01-08 12:14:24.591  INFO 9688 --- [main] com.zaxxer.hikari.HikariDataSource       : HikariPool-1 - Starting...
2023-01-08 12:14:25.270  INFO 9688 --- [main] com.zaxxer.hikari.HikariDataSource       : HikariPool-1 - Start completed.
2023-01-08 12:14:25.356  INFO 9688 --- [SpringApplicationShutdownHook] com.zaxxer.hikari.HikariDataSource       : HikariPool-1 - Shutdown initiated...
2023-01-08 12:14:25.358  INFO 9688 --- [SpringApplicationShutdownHook] com.zaxxer.hikari.HikariDataSource       : HikariPool-1 - Shutdown completed.
2023-01-08 12:23:15.152  INFO 1468 --- [main] c.s.c.CommonWealApplicationTests         : Starting CommonWealApplicationTests using Java 1.8.0_321 on szw with PID 1468 (started by 14486 in C:\Users\14486\Desktop\CommonWeal)
2023-01-08 12:23:15.153  INFO 1468 --- [main] c.s.c.CommonWealApplicationTests         : No active profile set, falling back to 1 default profile: "default"
2023-01-08 12:23:16.211  WARN 1468 --- [main] c.b.m.core.metadata.TableInfoHelper      : Can not find table primary key in Class: "com.szw.commonweal.entity.Volunteer".
2023-01-08 12:23:17.016  INFO 1468 --- [main] c.s.c.CommonWealApplicationTests         : Started CommonWealApplicationTests in 2.11 seconds (JVM running for 2.864)
2023-01-08 12:23:17.218  INFO 1468 --- [main] com.zaxxer.hikari.HikariDataSource       : HikariPool-1 - Starting...
2023-01-08 12:23:17.868  INFO 1468 --- [main] com.zaxxer.hikari.HikariDataSource       : HikariPool-1 - Start completed.
2023-01-08 12:23:17.958  INFO 1468 --- [SpringApplicationShutdownHook] com.zaxxer.hikari.HikariDataSource       : HikariPool-1 - Shutdown initiated...
2023-01-08 12:23:17.960  INFO 1468 --- [SpringApplicationShutdownHook] com.zaxxer.hikari.HikariDataSource       : HikariPool-1 - Shutdown completed.
2023-01-08 12:26:05.206  INFO 11276 --- [main] c.s.c.CommonWealApplicationTests         : Starting CommonWealApplicationTests using Java 1.8.0_321 on szw with PID 11276 (started by 14486 in C:\Users\14486\Desktop\CommonWeal)
2023-01-08 12:26:05.207  INFO 11276 --- [main] c.s.c.CommonWealApplicationTests         : No active profile set, falling back to 1 default profile: "default"
2023-01-08 12:26:06.308  WARN 11276 --- [main] c.b.m.core.metadata.TableInfoHelper      : Can not find table primary key in Class: "com.szw.commonweal.entity.Volunteer".
2023-01-08 12:26:07.172  INFO 11276 --- [main] c.s.c.CommonWealApplicationTests         : Started CommonWealApplicationTests in 2.225 seconds (JVM running for 2.972)
2023-01-08 12:26:07.394  INFO 11276 --- [main] com.zaxxer.hikari.HikariDataSource       : HikariPool-1 - Starting...
2023-01-08 12:26:08.043  INFO 11276 --- [main] com.zaxxer.hikari.HikariDataSource       : HikariPool-1 - Start completed.
2023-01-08 12:26:08.131  INFO 11276 --- [SpringApplicationShutdownHook] com.zaxxer.hikari.HikariDataSource       : HikariPool-1 - Shutdown initiated...
2023-01-08 12:26:08.133  INFO 11276 --- [SpringApplicationShutdownHook] com.zaxxer.hikari.HikariDataSource       : HikariPool-1 - Shutdown completed.
2023-01-08 12:26:42.809  INFO 3328 --- [main] c.s.c.CommonWealApplicationTests         : Starting CommonWealApplicationTests using Java 1.8.0_321 on szw with PID 3328 (started by 14486 in C:\Users\14486\Desktop\CommonWeal)
2023-01-08 12:26:42.810  INFO 3328 --- [main] c.s.c.CommonWealApplicationTests         : No active profile set, falling back to 1 default profile: "default"
2023-01-08 12:26:44.081  WARN 3328 --- [main] c.b.m.core.metadata.TableInfoHelper      : Can not find table primary key in Class: "com.szw.commonweal.entity.Volunteer".
2023-01-08 12:26:44.928  INFO 3328 --- [main] c.s.c.CommonWealApplicationTests         : Started CommonWealApplicationTests in 2.404 seconds (JVM running for 3.162)
2023-01-08 12:26:45.137  INFO 3328 --- [main] com.zaxxer.hikari.HikariDataSource       : HikariPool-1 - Starting...
2023-01-08 12:26:45.784  INFO 3328 --- [main] com.zaxxer.hikari.HikariDataSource       : HikariPool-1 - Start completed.
2023-01-08 12:26:45.841  INFO 3328 --- [SpringApplicationShutdownHook] com.zaxxer.hikari.HikariDataSource       : HikariPool-1 - Shutdown initiated...
2023-01-08 12:26:45.842  INFO 3328 --- [SpringApplicationShutdownHook] com.zaxxer.hikari.HikariDataSource       : HikariPool-1 - Shutdown completed.
